********************************************************************************
product = Open Liberty 20.0.0.2 (wlp-1.0.37.cl200220200204-1746)
wlp.install.dir = /Users/dilloncarns/Projects/guide-containerize/start/system/target/liberty/wlp/
java.home = /Library/Java/JavaVirtualMachines/jdk-11.0.5.jdk/Contents/Home
java.version = 11.0.5
java.runtime = Java(TM) SE Runtime Environment (11.0.5+10-LTS)
os = Mac OS X (10.15.2; x86_64) (en_US)
process = 16599@dillons-mbp.raleigh.ibm.com
********************************************************************************
[3/2/20, 13:41:54:138 EST] 00000001 com.ibm.ws.kernel.launch.internal.FrameworkManager           A CWWKE0001I: The server defaultServer has been launched.
[3/2/20, 13:41:54:608 EST] 00000016 com.ibm.ws.config.xml.internal.ServerXMLConfiguration        A CWWKG0093A: Processing configuration drop-ins resource: /Users/dilloncarns/Projects/guide-containerize/start/system/target/liberty/wlp/usr/servers/defaultServer/configDropins/overrides/liberty-plugin-variable-config.xml
[3/2/20, 13:41:54:770 EST] 00000001 com.ibm.ws.kernel.launch.internal.FrameworkManager           I CWWKE0002I: The kernel started after 0.881 seconds
[3/2/20, 13:41:54:796 EST] 00000021 com.ibm.ws.kernel.feature.internal.FeatureManager            I CWWKF0007I: Feature update started.
[3/2/20, 13:41:55:419 EST] 00000019 com.ibm.ws.app.manager.internal.monitor.DropinMonitor        A CWWKZ0058I: Monitoring dropins for applications.
[3/2/20, 13:41:55:443 EST] 00000018 com.ibm.ws.annocache.service                                 I OSGi Work Path [ /Users/dilloncarns/Projects/guide-containerize/start/system/target/liberty/wlp/usr/servers/defaultServer/workarea/org.eclipse.osgi/43/data ]
[3/2/20, 13:41:55:576 EST] 00000016 .apache.cxf.cxf.core.3.2:1.0.37.cl200220200204-1746(id=120)] I Aries Blueprint packages not available. So namespaces will not be registered
[3/2/20, 13:41:55:705 EST] 00000029 com.ibm.ws.app.manager.AppMessageHelper                      I CWWKZ0018I: Starting application system.
[3/2/20, 13:41:55:706 EST] 00000029 bm.ws.app.manager.war.internal.WARDeployedAppInfoFactoryImpl I CWWKZ0134I: The system application is using the loose application definition at the /Users/dilloncarns/Projects/guide-containerize/start/system/target/liberty/wlp/usr/servers/defaultServer/apps/system.war.xml location.
[3/2/20, 13:41:55:917 EST] 00000029 com.ibm.ws.session.WASSessionCore                            I SESN8501I: The session manager did not find a persistent storage location; HttpSession objects will be stored in the local application server's memory.
[3/2/20, 13:41:55:942 EST] 00000029 org.jboss.weld.Version                                       I WELD-000900: 3.1.1 (Final)
[3/2/20, 13:41:56:363 EST] 00000029 com.ibm.ws.webcontainer.osgi.webapp.WebGroup                 I SRVE0169I: Loading Web Module: Liberty Project.
[3/2/20, 13:41:56:364 EST] 00000029 com.ibm.ws.webcontainer                                      I SRVE0250I: Web Module Liberty Project has been bound to default_host.
[3/2/20, 13:41:56:365 EST] 00000029 com.ibm.ws.http.internal.VirtualHostImpl                     A CWWKT0016I: Web application available (default_host): http://9.27.57.59:9080/
[3/2/20, 13:41:56:369 EST] 00000029 com.ibm.ws.app.manager.AppMessageHelper                      A CWWKZ0001I: Application system started in 0.664 seconds.
[3/2/20, 13:41:56:384 EST] 0000003c com.ibm.ws.session.WASSessionCore                            I SESN0176I: A new session context will be created for application key default_host/
[3/2/20, 13:41:56:394 EST] 0000003c com.ibm.ws.util                                              I SESN0172I: The session manager is using the Java default SecureRandom implementation for session ID generation.
[3/2/20, 13:41:56:438 EST] 00000021 com.ibm.ws.tcpchannel.internal.TCPPort                       I CWWKO0219I: TCP Channel defaultHttpEndpoint has been started and is now listening for requests on host *  (IPv6) port 9080.
[3/2/20, 13:41:56:453 EST] 00000021 com.ibm.ws.kernel.feature.internal.FeatureManager            A CWWKF0012I: The server installed the following features: [cdi-2.0, jaxrs-2.1, jaxrsClient-2.1, jndi-1.0, jsonp-1.1, servlet-4.0].
[3/2/20, 13:41:56:453 EST] 00000021 com.ibm.ws.kernel.feature.internal.FeatureManager            I CWWKF0008I: Feature update completed in 1.685 seconds.
[3/2/20, 13:41:56:454 EST] 00000021 com.ibm.ws.kernel.feature.internal.FeatureManager            A CWWKF0011I: The defaultServer server is ready to run a smarter planet. The defaultServer server started in 2.566 seconds.
[3/2/20, 13:41:56:589 EST] 00000034 com.ibm.ws.webcontainer.osgi.mbeans.PluginGenerator          I SRVE9103I: A configuration file for a web server plugin was automatically generated for this server at /Users/dilloncarns/Projects/guide-containerize/start/system/target/liberty/wlp/usr/servers/defaultServer/logs/state/plugin-cfg.xml.
[3/2/20, 13:42:36:234 EST] 00000035 .apache.cxf.cxf.core.3.2:1.0.37.cl200220200204-1746(id=120)] I Setting the server's publish address to be /system/
[3/2/20, 13:42:36:289 EST] 00000035 com.ibm.ws.webcontainer.servlet                              I SRVE0242I: [system] [/] [io.openliberty.guides.system.SystemApplication]: Initialization successful.
[3/2/20, 13:49:20:955 EST] 00000012 com.ibm.ws.kernel.launch.internal.FrameworkManager           A CWWKE0085I: The server defaultServer is stopping because the JVM is exiting.
[3/2/20, 13:49:20:960 EST] 0000004c com.ibm.ws.runtime.update.internal.RuntimeUpdateManagerImpl  A CWWKE1100I: Waiting for up to 30 seconds for the server to quiesce.
[3/2/20, 13:49:20:967 EST] 00000021 com.ibm.ws.tcpchannel.internal.TCPChannel                    I CWWKO0220I: TCP Channel defaultHttpEndpoint has stopped listening for requests on host *  (IPv6) port 9080.
[3/2/20, 13:49:20:968 EST] 00000021 com.ibm.ws.http.internal.VirtualHostImpl                     A CWWKT0017I: Web application removed (default_host): http://9.27.57.59:9080/
[3/2/20, 13:49:21:162 EST] 00000013 com.ibm.ws.kernel.launch.internal.ServerCommandListener      A CWWKE0055I: Server shutdown requested on Monday, March 2, 2020 at 1:49 PM. The server defaultServer is shutting down.
[3/2/20, 13:49:21:973 EST] 0000004c com.ibm.ws.runtime.update.internal.RuntimeUpdateManagerImpl  I CWWKE1101I: Server quiesce complete.
[3/2/20, 13:49:22:004 EST] 00000044 com.ibm.ws.app.manager.AppMessageHelper                      A CWWKZ0009I: The application system has stopped successfully.
[3/2/20, 13:49:22:155 EST] 00000001 com.ibm.ws.kernel.launch.internal.FrameworkManager           A CWWKE0036I: The server defaultServer stopped after 7 minutes, 28.266 seconds.
